# JRE version: Java(TM) SE Runtime Environment 18.9 (11.0.14+8) (build 11.0.14+8-LTS-263)
# Java VM: Java HotSpot(TM) 64-Bit Server VM 18.9 (11.0.14+8-LTS-263, mixed mode, tiered, compressed oops, g1 gc, windows-amd64)
Heap:
 garbage-first heap   total 333824K, used 157429K [0x0000000082600000, 0x0000000100000000)
  region size 1024K, 7 young (7168K), 7 survivors (7168K)
 Metaspace       used 93799K, capacity 96477K, committed 96688K, reserved 1134592K
  class space    used 11530K, capacity 12532K, committed 12544K, reserved 1048576K
GC Heap History (10 events):
Event: 15.493 GC heap after
{Heap after GC invocations=27 (full 0):
 garbage-first heap   total 270336K, used 83631K [0x0000000082600000, 0x0000000100000000)
  region size 1024K, 9 young (9216K), 9 survivors (9216K)
 Metaspace       used 91982K, capacity 94520K, committed 94640K, reserved 1132544K
  class space    used 11311K, capacity 12265K, committed 12288K, reserved 1048576K
}
Event: 16.064 GC heap before
{Heap before GC invocations=27 (full 0):
 garbage-first heap   total 270336K, used 229039K [0x0000000082600000, 0x0000000100000000)
  region size 1024K, 148 young (151552K), 9 survivors (9216K)
 Metaspace       used 93598K, capacity 96224K, committed 96432K, reserved 1132544K
  class space    used 11500K, capacity 12490K, committed 12544K, reserved 1048576K
}
Event: 16.087 GC heap after
{Heap after GC invocations=28 (full 0):
 garbage-first heap   total 270336K, used 107492K [0x0000000082600000, 0x0000000100000000)
  region size 1024K, 19 young (19456K), 19 survivors (19456K)
 Metaspace       used 93598K, capacity 96224K, committed 96432K, reserved 1132544K
  class space    used 11500K, capacity 12490K, committed 12544K, reserved 1048576K
}
Event: 16.306 GC heap before
{Heap before GC invocations=28 (full 0):
 garbage-first heap   total 270336K, used 213988K [0x0000000082600000, 0x0000000100000000)
  region size 1024K, 122 young (124928K), 19 survivors (19456K)
 Metaspace       used 93691K, capacity 96300K, committed 96432K, reserved 1132544K
  class space    used 11510K, capacity 12494K, committed 12544K, reserved 1048576K
}
Event: 16.333 GC heap after
{Heap after GC invocations=29 (full 0):
 garbage-first heap   total 270336K, used 133402K [0x0000000082600000, 0x0000000100000000)
  region size 1024K, 16 young (16384K), 16 survivors (16384K)
 Metaspace       used 93691K, capacity 96300K, committed 96432K, reserved 1132544K
  class space    used 11510K, capacity 12494K, committed 12544K, reserved 1048576K
}
Event: 16.490 GC heap before
{Heap before GC invocations=29 (full 0):
 garbage-first heap   total 270336K, used 212250K [0x0000000082600000, 0x0000000100000000)
  region size 1024K, 92 young (94208K), 16 survivors (16384K)
 Metaspace       used 93699K, capacity 96303K, committed 96432K, reserved 1132544K
  class space    used 11511K, capacity 12495K, committed 12544K, reserved 1048576K
}
Event: 16.514 GC heap after
{Heap after GC invocations=30 (full 0):
 garbage-first heap   total 270336K, used 157696K [0x0000000082600000, 0x0000000100000000)
  region size 1024K, 12 young (12288K), 12 survivors (12288K)
 Metaspace       used 93699K, capacity 96303K, committed 96432K, reserved 1132544K
  class space    used 11511K, capacity 12495K, committed 12544K, reserved 1048576K
}
Event: 16.558 GC heap before
{Heap before GC invocations=30 (full 0):
 garbage-first heap   total 270336K, used 186368K [0x0000000082600000, 0x0000000100000000)
  region size 1024K, 42 young (43008K), 12 survivors (12288K)
 Metaspace       used 93699K, capacity 96303K, committed 96432K, reserved 1132544K
  class space    used 11511K, capacity 12495K, committed 12544K, reserved 1048576K
}
Event: 16.570 GC heap after
{Heap after GC invocations=31 (full 0):
 garbage-first heap   total 270336K, used 166912K [0x0000000082600000, 0x0000000100000000)
  region size 1024K, 8 young (8192K), 8 survivors (8192K)
 Metaspace       used 93699K, capacity 96303K, committed 96432K, reserved 1132544K
  class space    used 11511K, capacity 12495K, committed 12544K, reserved 1048576K
}
Event: 16.781 GC heap before
{Heap before GC invocations=31 (full 0):
 garbage-first heap   total 270336K, used 188416K [0x0000000082600000, 0x0000000100000000)
  region size 1024K, 50 young (51200K), 8 survivors (8192K)
 Metaspace       used 93799K, capacity 96477K, committed 96688K, reserved 1134592K
  class space    used 11530K, capacity 12532K, committed 12544K, reserved 1048576K
}

